<?xml version="1.0" encoding="UTF-8"?>
<!-- Generated by org.testng.reporters.JUnitReportReporter -->
<testsuite hostname="EIHQIT113414L.local" failures="0" tests="1" name="com.automation.tests.LoginTest" time="0.001" errors="0" timestamp="2025-02-13T14:59:21 IST" skipped="0">
  <testcase classname="com.automation.tests.LoginTest" name="testLogin" time="0.001"/>
</testsuite> <!-- com.automation.tests.LoginTest -->
