<?xml version="1.0" encoding="UTF-8"?>
<!-- Generated by org.testng.reporters.JUnitReportReporter -->
<testsuite hostname="EIHQIT113414L.local" failures="0" tests="1" name="com.automation.AppTest" time="0.000" errors="0" timestamp="2025-02-13T14:59:22 IST" skipped="0">
  <testcase classname="com.automation.AppTest" name="testApp" time="0.000"/>
</testsuite> <!-- com.automation.AppTest -->
